# JRE version: Java(TM) SE Runtime Environment (12.0.2+10) (build 12.0.2+10)
# Java VM: Java HotSpot(TM) 64-Bit Server VM (12.0.2+10, mixed mode, sharing, tiered, compressed oops, g1 gc, windows-amd64)
Heap:
 garbage-first heap   total 394240K, used 306506K [0x0000000080000000, 0x0000000100000000)
  region size 1024K, 31 young (31744K), 2 survivors (2048K)
 Metaspace       used 149169K, capacity 154824K, committed 155084K, reserved 1183744K
  class space    used 19263K, capacity 21420K, committed 21504K, reserved 1048576K
GC Heap History (10 events):
Event: 108.875 GC heap before
{Heap before GC invocations=83 (full 0):
 garbage-first heap   total 394240K, used 323247K [0x0000000080000000, 0x0000000100000000)
  region size 1024K, 92 young (94208K), 5 survivors (5120K)
 Metaspace       used 133549K, capacity 138138K, committed 138316K, reserved 1169408K
  class space    used 17039K, capacity 18738K, committed 18816K, reserved 1048576K
}
Event: 108.893 GC heap after
{Heap after GC invocations=84 (full 0):
 garbage-first heap   total 394240K, used 242121K [0x0000000080000000, 0x0000000100000000)
  region size 1024K, 11 young (11264K), 11 survivors (11264K)
 Metaspace       used 133549K, capacity 138138K, committed 138316K, reserved 1169408K
  class space    used 17039K, capacity 18738K, committed 18816K, reserved 1048576K
}
Event: 114.572 GC heap before
{Heap before GC invocations=84 (full 0):
 garbage-first heap   total 394240K, used 329161K [0x0000000080000000, 0x0000000100000000)
  region size 1024K, 93 young (95232K), 11 survivors (11264K)
 Metaspace       used 134554K, capacity 139107K, committed 139212K, reserved 1169408K
  class space    used 17148K, capacity 18859K, committed 18944K, reserved 1048576K
}
Event: 114.585 GC heap after
{Heap after GC invocations=85 (full 0):
 garbage-first heap   total 394240K, used 247228K [0x0000000080000000, 0x0000000100000000)
  region size 1024K, 6 young (6144K), 6 survivors (6144K)
 Metaspace       used 134554K, capacity 139107K, committed 139212K, reserved 1169408K
  class space    used 17148K, capacity 18859K, committed 18944K, reserved 1048576K
}
Event: 115.215 GC heap before
{Heap before GC invocations=85 (full 0):
 garbage-first heap   total 394240K, used 328124K [0x0000000080000000, 0x0000000100000000)
  region size 1024K, 86 young (88064K), 6 survivors (6144K)
 Metaspace       used 138275K, capacity 143121K, committed 143436K, reserved 1173504K
  class space    used 17666K, capacity 19468K, committed 19584K, reserved 1048576K
}
Event: 115.224 GC heap after
{Heap after GC invocations=86 (full 0):
 garbage-first heap   total 394240K, used 254690K [0x0000000080000000, 0x0000000100000000)
  region size 1024K, 11 young (11264K), 11 survivors (11264K)
 Metaspace       used 138275K, capacity 143121K, committed 143436K, reserved 1173504K
  class space    used 17666K, capacity 19468K, committed 19584K, reserved 1048576K
}
Event: 116.048 GC heap before
{Heap before GC invocations=86 (full 0):
 garbage-first heap   total 394240K, used 329442K [0x0000000080000000, 0x0000000100000000)
  region size 1024K, 85 young (87040K), 11 survivors (11264K)
 Metaspace       used 143058K, capacity 148394K, committed 148684K, reserved 1177600K
  class space    used 18396K, capacity 20425K, committed 20480K, reserved 1048576K
}
Event: 116.075 GC heap after
{Heap after GC invocations=87 (full 0):
 garbage-first heap   total 394240K, used 268388K [0x0000000080000000, 0x0000000100000000)
  region size 1024K, 11 young (11264K), 11 survivors (11264K)
 Metaspace       used 143058K, capacity 148394K, committed 148684K, reserved 1177600K
  class space    used 18396K, capacity 20425K, committed 20480K, reserved 1048576K
}
Event: 116.581 GC heap before
{Heap before GC invocations=87 (full 0):
 garbage-first heap   total 394240K, used 329828K [0x0000000080000000, 0x0000000100000000)
  region size 1024K, 71 young (72704K), 11 survivors (11264K)
 Metaspace       used 146752K, capacity 152299K, committed 152396K, reserved 1181696K
  class space    used 18955K, capacity 21060K, committed 21120K, reserved 1048576K
}
Event: 116.602 GC heap after
{Heap after GC invocations=88 (full 0):
 garbage-first heap   total 394240K, used 275782K [0x0000000080000000, 0x0000000100000000)
  region size 1024K, 7 young (7168K), 7 survivors (7168K)
 Metaspace       used 146752K, capacity 152299K, committed 152396K, reserved 1181696K
  class space    used 18955K, capacity 21060K, committed 21120K, reserved 1048576K
}

