# JRE version: Java(TM) SE Runtime Environment (12.0.2+10) (build 12.0.2+10)
# Java VM: Java HotSpot(TM) 64-Bit Server VM (12.0.2+10, mixed mode, sharing, tiered, compressed oops, g1 gc, windows-amd64)
Heap:
 garbage-first heap   total 244736K, used 164640K [0x0000000080000000, 0x0000000100000000)
  region size 1024K, 52 young (53248K), 6 survivors (6144K)
 Metaspace       used 82942K, capacity 85320K, committed 85676K, reserved 1122304K
  class space    used 11254K, capacity 12139K, committed 12288K, reserved 1048576K
GC Heap History (10 events):
Event: 60.160 GC heap before
{Heap before GC invocations=54 (full 0):
 garbage-first heap   total 195584K, used 146493K [0x0000000080000000, 0x0000000100000000)
  region size 1024K, 59 young (60416K), 8 survivors (8192K)
 Metaspace       used 81080K, capacity 83370K, committed 83628K, reserved 1120256K
  class space    used 11115K, capacity 11980K, committed 12032K, reserved 1048576K
}
Event: 60.186 GC heap after
{Heap after GC invocations=55 (full 0):
 garbage-first heap   total 195584K, used 102418K [0x0000000080000000, 0x0000000100000000)
  region size 1024K, 7 young (7168K), 7 survivors (7168K)
 Metaspace       used 81080K, capacity 83370K, committed 83628K, reserved 1120256K
  class space    used 11115K, capacity 11980K, committed 12032K, reserved 1048576K
}
Event: 60.762 GC heap before
{Heap before GC invocations=56 (full 0):
 garbage-first heap   total 195584K, used 151570K [0x0000000080000000, 0x0000000100000000)
  region size 1024K, 56 young (57344K), 7 survivors (7168K)
 Metaspace       used 81963K, capacity 84469K, committed 84652K, reserved 1122304K
  class space    used 11248K, capacity 12167K, committed 12288K, reserved 1048576K
}
Event: 60.775 GC heap after
{Heap after GC invocations=57 (full 0):
 garbage-first heap   total 195584K, used 108520K [0x0000000080000000, 0x0000000100000000)
  region size 1024K, 7 young (7168K), 7 survivors (7168K)
 Metaspace       used 81963K, capacity 84469K, committed 84652K, reserved 1122304K
  class space    used 11248K, capacity 12167K, committed 12288K, reserved 1048576K
}
Event: 61.374 GC heap before
{Heap before GC invocations=57 (full 0):
 garbage-first heap   total 195584K, used 154600K [0x0000000080000000, 0x0000000100000000)
  region size 1024K, 53 young (54272K), 7 survivors (7168K)
 Metaspace       used 82274K, capacity 84761K, committed 84908K, reserved 1122304K
  class space    used 11248K, capacity 12167K, committed 12288K, reserved 1048576K
}
Event: 61.384 GC heap after
{Heap after GC invocations=58 (full 0):
 garbage-first heap   total 235520K, used 111733K [0x0000000080000000, 0x0000000100000000)
  region size 1024K, 6 young (6144K), 6 survivors (6144K)
 Metaspace       used 82274K, capacity 84761K, committed 84908K, reserved 1122304K
  class space    used 11248K, capacity 12167K, committed 12288K, reserved 1048576K
}
Event: 62.725 GC heap before
{Heap before GC invocations=59 (full 0):
 garbage-first heap   total 235520K, used 175221K [0x0000000080000000, 0x0000000100000000)
  region size 1024K, 69 young (70656K), 6 survivors (6144K)
 Metaspace       used 82878K, capacity 85392K, committed 85676K, reserved 1122304K
  class space    used 11295K, capacity 12225K, committed 12288K, reserved 1048576K
}
Event: 62.739 GC heap after
{Heap after GC invocations=60 (full 0):
 garbage-first heap   total 235520K, used 116120K [0x0000000080000000, 0x0000000100000000)
  region size 1024K, 7 young (7168K), 7 survivors (7168K)
 Metaspace       used 82878K, capacity 85392K, committed 85676K, reserved 1122304K
  class space    used 11295K, capacity 12225K, committed 12288K, reserved 1048576K
}
Event: 63.687 GC heap before
{Heap before GC invocations=60 (full 0):
 garbage-first heap   total 235520K, used 179608K [0x0000000080000000, 0x0000000100000000)
  region size 1024K, 70 young (71680K), 7 survivors (7168K)
 Metaspace       used 83011K, capacity 85562K, committed 85676K, reserved 1122304K
  class space    used 11302K, capacity 12234K, committed 12288K, reserved 1048576K
}
Event: 63.706 GC heap after
{Heap after GC invocations=61 (full 0):
 garbage-first heap   total 235520K, used 119584K [0x0000000080000000, 0x0000000100000000)
  region size 1024K, 6 young (6144K), 6 survivors (6144K)
 Metaspace       used 83011K, capacity 85562K, committed 85676K, reserved 1122304K
  class space    used 11302K, capacity 12234K, committed 12288K, reserved 1048576K
}

