# JRE version: Java(TM) SE Runtime Environment (12.0.2+10) (build 12.0.2+10)
# Java VM: Java HotSpot(TM) 64-Bit Server VM (12.0.2+10, mixed mode, sharing, tiered, compressed oops, g1 gc, windows-amd64)
Heap:
 garbage-first heap   total 235520K, used 136123K [0x0000000080000000, 0x0000000100000000)
  region size 1024K, 40 young (40960K), 7 survivors (7168K)
 Metaspace       used 81921K, capacity 84390K, committed 84524K, reserved 1122304K
  class space    used 11242K, capacity 12143K, committed 12160K, reserved 1048576K
GC Heap History (10 events):
Event: 17.700 GC heap before
{Heap before GC invocations=36 (full 0):
 garbage-first heap   total 162816K, used 123929K [0x0000000080000000, 0x0000000100000000)
  region size 1024K, 53 young (54272K), 6 survivors (6144K)
 Metaspace       used 70389K, capacity 72284K, committed 72492K, reserved 1112064K
  class space    used 9632K, capacity 10344K, committed 10368K, reserved 1048576K
}
Event: 17.712 GC heap after
{Heap after GC invocations=37 (full 0):
 garbage-first heap   total 195584K, used 78889K [0x0000000080000000, 0x0000000100000000)
  region size 1024K, 6 young (6144K), 6 survivors (6144K)
 Metaspace       used 70389K, capacity 72284K, committed 72492K, reserved 1112064K
  class space    used 9632K, capacity 10344K, committed 10368K, reserved 1048576K
}
Event: 18.735 GC heap before
{Heap before GC invocations=37 (full 0):
 garbage-first heap   total 195584K, used 142377K [0x0000000080000000, 0x0000000100000000)
  region size 1024K, 68 young (69632K), 6 survivors (6144K)
 Metaspace       used 74431K, capacity 76458K, committed 76716K, reserved 1116160K
  class space    used 10198K, capacity 10960K, committed 11008K, reserved 1048576K
}
Event: 18.747 GC heap after
{Heap after GC invocations=38 (full 0):
 garbage-first heap   total 195584K, used 83984K [0x0000000080000000, 0x0000000100000000)
  region size 1024K, 9 young (9216K), 9 survivors (9216K)
 Metaspace       used 74431K, capacity 76458K, committed 76716K, reserved 1116160K
  class space    used 10198K, capacity 10960K, committed 11008K, reserved 1048576K
}
Event: 19.772 GC heap before
{Heap before GC invocations=38 (full 0):
 garbage-first heap   total 195584K, used 146448K [0x0000000080000000, 0x0000000100000000)
  region size 1024K, 70 young (71680K), 9 survivors (9216K)
 Metaspace       used 78849K, capacity 80997K, committed 81196K, reserved 1118208K
  class space    used 10772K, capacity 11536K, committed 11648K, reserved 1048576K
}
Event: 19.785 GC heap after
{Heap after GC invocations=39 (full 0):
 garbage-first heap   total 195584K, used 89584K [0x0000000080000000, 0x0000000100000000)
  region size 1024K, 6 young (6144K), 6 survivors (6144K)
 Metaspace       used 78849K, capacity 80997K, committed 81196K, reserved 1118208K
  class space    used 10772K, capacity 11536K, committed 11648K, reserved 1048576K
}
Event: 20.198 GC heap before
{Heap before GC invocations=39 (full 0):
 garbage-first heap   total 195584K, used 151024K [0x0000000080000000, 0x0000000100000000)
  region size 1024K, 66 young (67584K), 6 survivors (6144K)
 Metaspace       used 78982K, capacity 81092K, committed 81452K, reserved 1120256K
  class space    used 10780K, capacity 11542K, committed 11648K, reserved 1048576K
}
Event: 20.209 GC heap after
{Heap after GC invocations=40 (full 0):
 garbage-first heap   total 195584K, used 97478K [0x0000000080000000, 0x0000000100000000)
  region size 1024K, 8 young (8192K), 8 survivors (8192K)
 Metaspace       used 78982K, capacity 81092K, committed 81452K, reserved 1120256K
  class space    used 10780K, capacity 11542K, committed 11648K, reserved 1048576K
}
Event: 21.271 GC heap before
{Heap before GC invocations=40 (full 0):
 garbage-first heap   total 195584K, used 152774K [0x0000000080000000, 0x0000000100000000)
  region size 1024K, 63 young (64512K), 8 survivors (8192K)
 Metaspace       used 81792K, capacity 84251K, committed 84524K, reserved 1122304K
  class space    used 11240K, capacity 12141K, committed 12160K, reserved 1048576K
}
Event: 21.291 GC heap after
{Heap after GC invocations=41 (full 0):
 garbage-first heap   total 235520K, used 104379K [0x0000000080000000, 0x0000000100000000)
  region size 1024K, 7 young (7168K), 7 survivors (7168K)
 Metaspace       used 81792K, capacity 84251K, committed 84524K, reserved 1122304K
  class space    used 11240K, capacity 12141K, committed 12160K, reserved 1048576K
}

