# JRE version: Java(TM) SE Runtime Environment (12.0.2+10) (build 12.0.2+10)
# Java VM: Java HotSpot(TM) 64-Bit Server VM (12.0.2+10, mixed mode, sharing, tiered, compressed oops, g1 gc, windows-amd64)
Heap:
 garbage-first heap   total 231424K, used 93780K [0x0000000080000000, 0x0000000100000000)
  region size 1024K, 7 young (7168K), 7 survivors (7168K)
 Metaspace       used 78977K, capacity 81085K, committed 81276K, reserved 1118208K
  class space    used 10783K, capacity 11541K, committed 11648K, reserved 1048576K
GC Heap History (10 events):
Event: 14.608 GC heap after
{Heap after GC invocations=32 (full 0):
 garbage-first heap   total 159744K, used 70704K [0x0000000080000000, 0x0000000100000000)
  region size 1024K, 6 young (6144K), 6 survivors (6144K)
 Metaspace       used 61194K, capacity 62956K, committed 63228K, reserved 1103872K
  class space    used 8171K, capacity 8836K, committed 8960K, reserved 1048576K
}
Event: 15.220 GC heap before
{Heap before GC invocations=32 (full 0):
 garbage-first heap   total 159744K, used 115760K [0x0000000080000000, 0x0000000100000000)
  region size 1024K, 50 young (51200K), 6 survivors (6144K)
 Metaspace       used 63812K, capacity 65593K, committed 65916K, reserved 1105920K
  class space    used 8554K, capacity 9222K, committed 9344K, reserved 1048576K
}
Event: 15.227 GC heap after
{Heap after GC invocations=33 (full 0):
 garbage-first heap   total 192512K, used 73638K [0x0000000080000000, 0x0000000100000000)
  region size 1024K, 6 young (6144K), 6 survivors (6144K)
 Metaspace       used 63812K, capacity 65593K, committed 65916K, reserved 1105920K
  class space    used 8554K, capacity 9222K, committed 9344K, reserved 1048576K
}
Event: 16.260 GC heap before
{Heap before GC invocations=33 (full 0):
 garbage-first heap   total 192512K, used 132006K [0x0000000080000000, 0x0000000100000000)
  region size 1024K, 63 young (64512K), 6 survivors (6144K)
 Metaspace       used 68559K, capacity 70354K, committed 70524K, reserved 1110016K
  class space    used 9375K, capacity 10071K, committed 10112K, reserved 1048576K
}
Event: 16.269 GC heap after
{Heap after GC invocations=34 (full 0):
 garbage-first heap   total 192512K, used 77661K [0x0000000080000000, 0x0000000100000000)
  region size 1024K, 7 young (7168K), 7 survivors (7168K)
 Metaspace       used 68559K, capacity 70354K, committed 70524K, reserved 1110016K
  class space    used 9375K, capacity 10071K, committed 10112K, reserved 1048576K
}
Event: 17.287 GC heap before
{Heap before GC invocations=34 (full 0):
 garbage-first heap   total 192512K, used 137053K [0x0000000080000000, 0x0000000100000000)
  region size 1024K, 65 young (66560K), 7 survivors (7168K)
 Metaspace       used 72362K, capacity 74240K, committed 74364K, reserved 1114112K
  class space    used 9882K, capacity 10615K, committed 10624K, reserved 1048576K
}
Event: 17.297 GC heap after
{Heap after GC invocations=35 (full 0):
 garbage-first heap   total 192512K, used 81894K [0x0000000080000000, 0x0000000100000000)
  region size 1024K, 9 young (9216K), 9 survivors (9216K)
 Metaspace       used 72362K, capacity 74240K, committed 74364K, reserved 1114112K
  class space    used 9882K, capacity 10615K, committed 10624K, reserved 1048576K
}
Event: 18.391 GC heap before
{Heap before GC invocations=35 (full 0):
 garbage-first heap   total 192512K, used 142310K [0x0000000080000000, 0x0000000100000000)
  region size 1024K, 68 young (69632K), 9 survivors (9216K)
 Metaspace       used 77657K, capacity 79632K, committed 79740K, reserved 1118208K
  class space    used 10611K, capacity 11340K, committed 11392K, reserved 1048576K
}
Event: 18.405 GC heap after
{Heap after GC invocations=36 (full 0):
 garbage-first heap   total 192512K, used 86831K [0x0000000080000000, 0x0000000100000000)
  region size 1024K, 9 young (9216K), 9 survivors (9216K)
 Metaspace       used 77657K, capacity 79632K, committed 79740K, reserved 1118208K
  class space    used 10611K, capacity 11340K, committed 11392K, reserved 1048576K
}
Event: 19.018 GC heap before
{Heap before GC invocations=36 (full 0):
 garbage-first heap   total 192512K, used 147247K [0x0000000080000000, 0x0000000100000000)
  region size 1024K, 68 young (69632K), 9 survivors (9216K)
 Metaspace       used 78977K, capacity 81085K, committed 81276K, reserved 1118208K
  class space    used 10783K, capacity 11541K, committed 11648K, reserved 1048576K
}

